d:\vs\projects\flightgo\flightgo\debug\flightgo.pch
d:\vs\projects\flightgo\flightgo\debug\vc140.pdb
d:\vs\projects\flightgo\flightgo\debug\vc140.idb
d:\vs\projects\flightgo\flightgo\debug\stdafx.obj
d:\vs\projects\flightgo\flightgo\debug\appmanager.obj
d:\vs\projects\flightgo\flightgo\debug\canvas.obj
d:\vs\projects\flightgo\flightgo\debug\commonactors.obj
d:\vs\projects\flightgo\flightgo\debug\commonviewobjects.obj
d:\vs\projects\flightgo\flightgo\debug\configloader.obj
d:\vs\projects\flightgo\flightgo\debug\drawable.obj
d:\vs\projects\flightgo\flightgo\debug\flightgo.obj
d:\vs\projects\flightgo\flightgo\debug\flightgodoc.obj
d:\vs\projects\flightgo\flightgo\debug\flightgoview.obj
d:\vs\projects\flightgo\flightgo\debug\flightobject.obj
d:\vs\projects\flightgo\flightgo\debug\imageutils.obj
d:\vs\projects\flightgo\flightgo\debug\keyboardmanager.obj
d:\vs\projects\flightgo\flightgo\debug\layoutview.obj
d:\vs\projects\flightgo\flightgo\debug\mainapp.obj
d:\vs\projects\flightgo\flightgo\debug\mainfrm.obj
d:\vs\projects\flightgo\flightgo\debug\region.obj
d:\vs\projects\flightgo\flightgo\debug\regionloader.obj
d:\vs\projects\flightgo\flightgo\debug\timermanager.obj
d:\vs\projects\flightgo\flightgo\debug\viewobject.obj
d:\vs\projects\flightgo\flightgo\debug\viewobjectmanager.obj
d:\vs\projects\flightgo\flightgo\debug\actable.obj
d:\vs\projects\flightgo\flightgo\debug\flightgo.ilk
d:\vs\projects\flightgo\flightgo\debug\flightgo.exe
d:\vs\projects\flightgo\flightgo\debug\flightgo.pdb
d:\vs\projects\flightgo\flightgo\debug\flightgo.res
d:\vs\projects\flightgo\flightgo\debug\flightgo.tlog\cl.command.1.tlog
d:\vs\projects\flightgo\flightgo\debug\flightgo.tlog\cl.read.1.tlog
d:\vs\projects\flightgo\flightgo\debug\flightgo.tlog\cl.write.1.tlog
d:\vs\projects\flightgo\flightgo\debug\flightgo.tlog\link.command.1.tlog
d:\vs\projects\flightgo\flightgo\debug\flightgo.tlog\link.read.1.tlog
d:\vs\projects\flightgo\flightgo\debug\flightgo.tlog\link.write.1.tlog
d:\vs\projects\flightgo\flightgo\debug\flightgo.tlog\rc.command.1.tlog
d:\vs\projects\flightgo\flightgo\debug\flightgo.tlog\rc.read.1.tlog
d:\vs\projects\flightgo\flightgo\debug\flightgo.tlog\rc.write.1.tlog
